<?xml version="1.0" encoding="UTF-8"?>
<!-- Generated by org.testng.reporters.JUnitReportReporter -->
<testsuite skipped="0" hostname="SwarnenduMuk-PC" name="testcase.login_test" tests="2" failures="0" timestamp="08 Feb 2018 10:41:29 GMT" time="12.773" errors="0">
  <testcase name="loginvalidationtest" time="5.759" classname="testcase.login_test"/>
  <testcase name="validlogin" time="7.014" classname="testcase.login_test"/>
</testsuite> <!-- testcase.login_test -->
