<?xml version="1.0" encoding="UTF-8"?>
<!-- Generated by org.testng.reporters.JUnitReportReporter -->
<testsuite skipped="0" hostname="SwarnenduMuk-PC" name="testcase.login_test" tests="2" failures="0" timestamp="09 Feb 2018 10:16:45 GMT" time="11.639" errors="0">
  <testcase name="loginvalidationtest" time="5.509" classname="testcase.login_test"/>
  <testcase name="validlogin" time="6.130" classname="testcase.login_test"/>
</testsuite> <!-- testcase.login_test -->
